--------------------------------------------------------------------------------
Release 14.7 Trace  (nt64)
Copyright (c) 1995-2013 Xilinx, Inc.  All rights reserved.

C:\Xilinx\14.7\ISE_DS\ISE\bin\nt64\unwrapped\trce.exe -intstyle ise -v 3 -s 3
-n 3 -fastpaths -xml AllComps.twx AllComps.ncd -o AllComps.twr AllComps.pcf
-ucf AllComps.ucf

Design file:              AllComps.ncd
Physical constraint file: AllComps.pcf
Device,package,speed:     xc6slx9,tqg144,C,-3 (PRODUCTION 1.23 2013-10-13)
Report level:             verbose report

Environment Variable      Effect 
--------------------      ------ 
NONE                      No environment variables were set
--------------------------------------------------------------------------------

INFO:Timing:2698 - No timing constraints found, doing default enumeration.
INFO:Timing:3412 - To improve timing, see the Timing Closure User Guide (UG612).
INFO:Timing:2752 - To get complete path coverage, use the unconstrained paths 
   option. All paths that are not constrained will be reported in the 
   unconstrained paths section(s) of the report.
INFO:Timing:3339 - The clock-to-out numbers in this timing report are based on 
   a 50 Ohm transmission line loading model.  For the details of this model, 
   and for more information on accounting for different loading conditions, 
   please see the device datasheet.



Data Sheet report:
-----------------
All values displayed in nanoseconds (ns)

Clock ESP6_K5_11_P116 to Pad
----------------+-----------------+------------+-----------------+------------+------------------+--------+
                |Max (slowest) clk|  Process   |Min (fastest) clk|  Process   |                  | Clock  |
Destination     |  (edge) to PAD  |   Corner   |  (edge) to PAD  |   Corner   |Internal Clock(s) | Phase  |
----------------+-----------------+------------+-----------------+------------+------------------+--------+
BD1_1_K3_3_P142 |        10.713(R)|      SLOW  |         6.031(R)|      FAST  |XLXI_214/XLXN_10  |   0.000|
                |        10.812(R)|      SLOW  |         5.917(R)|      FAST  |XLXI_214/XLXN_9   |   0.000|
BD1_2_K3_5_P140 |        10.688(R)|      SLOW  |         6.017(R)|      FAST  |XLXI_214/XLXN_10  |   0.000|
                |        10.787(R)|      SLOW  |         5.903(R)|      FAST  |XLXI_214/XLXN_9   |   0.000|
BD1_3__K3_7_P138|        10.923(R)|      SLOW  |         6.291(R)|      FAST  |XLXI_214/XLXN_10  |   0.000|
                |        10.782(R)|      SLOW  |         6.368(R)|      FAST  |XLXI_214/XLXN_9   |   0.000|
BD1_4_K3_9_P134 |        10.889(R)|      SLOW  |         6.234(R)|      FAST  |XLXI_214/XLXN_10  |   0.000|
                |        10.748(R)|      SLOW  |         6.311(R)|      FAST  |XLXI_214/XLXN_9   |   0.000|
----------------+-----------------+------------+-----------------+------------+------------------+--------+

Clock ESP7_K5_13_P115 to Pad
---------------+-----------------+------------+-----------------+------------+------------------+--------+
               |Max (slowest) clk|  Process   |Min (fastest) clk|  Process   |                  | Clock  |
Destination    |  (edge) to PAD  |   Corner   |  (edge) to PAD  |   Corner   |Internal Clock(s) | Phase  |
---------------+-----------------+------------+-----------------+------------+------------------+--------+
BD2_1_K4_3_P143|        11.271(R)|      SLOW  |         6.285(R)|      FAST  |XLXI_218/XLXN_10  |   0.000|
               |        11.203(R)|      SLOW  |         6.193(R)|      FAST  |XLXI_218/XLXN_9   |   0.000|
BD2_2_K4_5_P141|        10.948(R)|      SLOW  |         6.135(R)|      FAST  |XLXI_218/XLXN_10  |   0.000|
               |        10.880(R)|      SLOW  |         6.043(R)|      FAST  |XLXI_218/XLXN_9   |   0.000|
BD2_3_K4_7_P139|        11.179(R)|      SLOW  |         6.254(R)|      FAST  |XLXI_218/XLXN_10  |   0.000|
               |        11.111(R)|      SLOW  |         6.162(R)|      FAST  |XLXI_218/XLXN_9   |   0.000|
BD2_4_K4_9_P137|        10.991(R)|      SLOW  |         6.158(R)|      FAST  |XLXI_218/XLXN_10  |   0.000|
               |        10.923(R)|      SLOW  |         6.066(R)|      FAST  |XLXI_218/XLXN_9   |   0.000|
---------------+-----------------+------------+-----------------+------------+------------------+--------+

Clock IR1_K6_3_P111 to Pad
----------------+-----------------+------------+-----------------+------------+------------------+--------+
                |Max (slowest) clk|  Process   |Min (fastest) clk|  Process   |                  | Clock  |
Destination     |  (edge) to PAD  |   Corner   |  (edge) to PAD  |   Corner   |Internal Clock(s) | Phase  |
----------------+-----------------+------------+-----------------+------------+------------------+--------+
BD1_1_K3_3_P142 |        10.398(R)|      SLOW  |         5.665(R)|      FAST  |XLXI_214/XLXN_9   |   0.000|
BD1_2_K3_5_P140 |        10.373(R)|      SLOW  |         5.651(R)|      FAST  |XLXI_214/XLXN_9   |   0.000|
BD1_3__K3_7_P138|        10.368(R)|      SLOW  |         6.116(R)|      FAST  |XLXI_214/XLXN_9   |   0.000|
BD1_4_K3_9_P134 |        10.334(R)|      SLOW  |         6.059(R)|      FAST  |XLXI_214/XLXN_9   |   0.000|
----------------+-----------------+------------+-----------------+------------+------------------+--------+

Clock IR2_K6_1_P112 to Pad
----------------+-----------------+------------+-----------------+------------+------------------+--------+
                |Max (slowest) clk|  Process   |Min (fastest) clk|  Process   |                  | Clock  |
Destination     |  (edge) to PAD  |   Corner   |  (edge) to PAD  |   Corner   |Internal Clock(s) | Phase  |
----------------+-----------------+------------+-----------------+------------+------------------+--------+
BD1_1_K3_3_P142 |        10.190(R)|      SLOW  |         5.709(R)|      FAST  |XLXI_214/XLXN_10  |   0.000|
BD1_2_K3_5_P140 |        10.165(R)|      SLOW  |         5.695(R)|      FAST  |XLXI_214/XLXN_10  |   0.000|
BD1_3__K3_7_P138|        10.400(R)|      SLOW  |         5.969(R)|      FAST  |XLXI_214/XLXN_10  |   0.000|
BD1_4_K3_9_P134 |        10.366(R)|      SLOW  |         5.912(R)|      FAST  |XLXI_214/XLXN_10  |   0.000|
----------------+-----------------+------------+-----------------+------------+------------------+--------+

Clock IR3_K6_7_P104 to Pad
---------------+-----------------+------------+-----------------+------------+------------------+--------+
               |Max (slowest) clk|  Process   |Min (fastest) clk|  Process   |                  | Clock  |
Destination    |  (edge) to PAD  |   Corner   |  (edge) to PAD  |   Corner   |Internal Clock(s) | Phase  |
---------------+-----------------+------------+-----------------+------------+------------------+--------+
BD2_1_K4_3_P143|        10.418(R)|      SLOW  |         5.845(R)|      FAST  |XLXI_218/XLXN_9   |   0.000|
BD2_2_K4_5_P141|        10.095(R)|      SLOW  |         5.695(R)|      FAST  |XLXI_218/XLXN_9   |   0.000|
BD2_3_K4_7_P139|        10.326(R)|      SLOW  |         5.814(R)|      FAST  |XLXI_218/XLXN_9   |   0.000|
BD2_4_K4_9_P137|        10.138(R)|      SLOW  |         5.718(R)|      FAST  |XLXI_218/XLXN_9   |   0.000|
---------------+-----------------+------------+-----------------+------------+------------------+--------+

Clock IR4_K6_5_P105 to Pad
---------------+-----------------+------------+-----------------+------------+------------------+--------+
               |Max (slowest) clk|  Process   |Min (fastest) clk|  Process   |                  | Clock  |
Destination    |  (edge) to PAD  |   Corner   |  (edge) to PAD  |   Corner   |Internal Clock(s) | Phase  |
---------------+-----------------+------------+-----------------+------------+------------------+--------+
BD2_1_K4_3_P143|        10.639(R)|      SLOW  |         5.894(R)|      FAST  |XLXI_218/XLXN_10  |   0.000|
BD2_2_K4_5_P141|        10.316(R)|      SLOW  |         5.744(R)|      FAST  |XLXI_218/XLXN_10  |   0.000|
BD2_3_K4_7_P139|        10.547(R)|      SLOW  |         5.863(R)|      FAST  |XLXI_218/XLXN_10  |   0.000|
BD2_4_K4_9_P137|        10.359(R)|      SLOW  |         5.767(R)|      FAST  |XLXI_218/XLXN_10  |   0.000|
---------------+-----------------+------------+-----------------+------------+------------------+--------+

Clock LDR_SS_K6_15_P99 to Pad
----------------+-----------------+------------+-----------------+------------+------------------+--------+
                |Max (slowest) clk|  Process   |Min (fastest) clk|  Process   |                  | Clock  |
Destination     |  (edge) to PAD  |   Corner   |  (edge) to PAD  |   Corner   |Internal Clock(s) | Phase  |
----------------+-----------------+------------+-----------------+------------+------------------+--------+
LED_LDR_K1_13_P7|         8.690(R)|      SLOW  |         5.056(R)|      FAST  |XLXI_80/XLXN_21   |   0.000|
----------------+-----------------+------------+-----------------+------------+------------------+--------+

Clock SW1_P62 to Pad
---------------+-----------------+------------+-----------------+------------+------------------+--------+
               |Max (slowest) clk|  Process   |Min (fastest) clk|  Process   |                  | Clock  |
Destination    |  (edge) to PAD  |   Corner   |  (edge) to PAD  |   Corner   |Internal Clock(s) | Phase  |
---------------+-----------------+------------+-----------------+------------+------------------+--------+
BD2_1_K4_3_P143|        14.166(R)|      SLOW  |         8.102(R)|      FAST  |XLXI_218/XLXN_10  |   0.000|
               |        14.098(R)|      SLOW  |         8.010(R)|      FAST  |XLXI_218/XLXN_9   |   0.000|
BD2_2_K4_5_P141|        13.843(R)|      SLOW  |         7.952(R)|      FAST  |XLXI_218/XLXN_10  |   0.000|
               |        13.775(R)|      SLOW  |         7.860(R)|      FAST  |XLXI_218/XLXN_9   |   0.000|
BD2_3_K4_7_P139|        14.074(R)|      SLOW  |         8.071(R)|      FAST  |XLXI_218/XLXN_10  |   0.000|
               |        14.006(R)|      SLOW  |         7.979(R)|      FAST  |XLXI_218/XLXN_9   |   0.000|
BD2_4_K4_9_P137|        13.886(R)|      SLOW  |         7.975(R)|      FAST  |XLXI_218/XLXN_10  |   0.000|
               |        13.818(R)|      SLOW  |         7.883(R)|      FAST  |XLXI_218/XLXN_9   |   0.000|
---------------+-----------------+------------+-----------------+------------+------------------+--------+

Clock SW2_P61 to Pad
----------------+-----------------+------------+-----------------+------------+------------------+--------+
                |Max (slowest) clk|  Process   |Min (fastest) clk|  Process   |                  | Clock  |
Destination     |  (edge) to PAD  |   Corner   |  (edge) to PAD  |   Corner   |Internal Clock(s) | Phase  |
----------------+-----------------+------------+-----------------+------------+------------------+--------+
BD1_1_K3_3_P142 |        13.900(R)|      SLOW  |         7.958(R)|      FAST  |XLXI_214/XLXN_10  |   0.000|
                |        13.999(R)|      SLOW  |         7.844(R)|      FAST  |XLXI_214/XLXN_9   |   0.000|
BD1_2_K3_5_P140 |        13.875(R)|      SLOW  |         7.944(R)|      FAST  |XLXI_214/XLXN_10  |   0.000|
                |        13.974(R)|      SLOW  |         7.830(R)|      FAST  |XLXI_214/XLXN_9   |   0.000|
BD1_3__K3_7_P138|        14.110(R)|      SLOW  |         8.218(R)|      FAST  |XLXI_214/XLXN_10  |   0.000|
                |        13.969(R)|      SLOW  |         8.295(R)|      FAST  |XLXI_214/XLXN_9   |   0.000|
BD1_4_K3_9_P134 |        14.076(R)|      SLOW  |         8.161(R)|      FAST  |XLXI_214/XLXN_10  |   0.000|
                |        13.935(R)|      SLOW  |         8.238(R)|      FAST  |XLXI_214/XLXN_9   |   0.000|
----------------+-----------------+------------+-----------------+------------+------------------+--------+

Clock to Setup on destination clock CLK_IN_P123
---------------+---------+---------+---------+---------+
               | Src:Rise| Src:Fall| Src:Rise| Src:Fall|
Source Clock   |Dest:Rise|Dest:Rise|Dest:Fall|Dest:Fall|
---------------+---------+---------+---------+---------+
CLK_IN_P123    |    0.973|         |         |         |
---------------+---------+---------+---------+---------+

Clock to Setup on destination clock ESP6_K5_11_P116
---------------+---------+---------+---------+---------+
               | Src:Rise| Src:Fall| Src:Rise| Src:Fall|
Source Clock   |Dest:Rise|Dest:Rise|Dest:Fall|Dest:Fall|
---------------+---------+---------+---------+---------+
ESP6_K5_11_P116|    1.240|         |         |         |
IR1_K6_3_P111  |    1.240|         |         |         |
IR2_K6_1_P112  |    1.153|         |         |         |
SW2_P61        |    1.240|         |         |         |
---------------+---------+---------+---------+---------+

Clock to Setup on destination clock ESP7_K5_13_P115
---------------+---------+---------+---------+---------+
               | Src:Rise| Src:Fall| Src:Rise| Src:Fall|
Source Clock   |Dest:Rise|Dest:Rise|Dest:Fall|Dest:Fall|
---------------+---------+---------+---------+---------+
ESP7_K5_13_P115|    1.491|         |         |         |
IR3_K6_7_P104  |    1.183|         |         |         |
IR4_K6_5_P105  |    1.491|         |         |         |
SW1_P62        |    1.491|         |         |         |
---------------+---------+---------+---------+---------+

Clock to Setup on destination clock IR1_K6_3_P111
---------------+---------+---------+---------+---------+
               | Src:Rise| Src:Fall| Src:Rise| Src:Fall|
Source Clock   |Dest:Rise|Dest:Rise|Dest:Fall|Dest:Fall|
---------------+---------+---------+---------+---------+
ESP6_K5_11_P116|    1.240|         |         |         |
IR1_K6_3_P111  |    1.240|         |         |         |
SW2_P61        |    1.240|         |         |         |
---------------+---------+---------+---------+---------+

Clock to Setup on destination clock IR2_K6_1_P112
---------------+---------+---------+---------+---------+
               | Src:Rise| Src:Fall| Src:Rise| Src:Fall|
Source Clock   |Dest:Rise|Dest:Rise|Dest:Fall|Dest:Fall|
---------------+---------+---------+---------+---------+
ESP6_K5_11_P116|    1.153|         |         |         |
IR2_K6_1_P112  |    1.153|         |         |         |
SW2_P61        |    1.153|         |         |         |
---------------+---------+---------+---------+---------+

Clock to Setup on destination clock IR3_K6_7_P104
---------------+---------+---------+---------+---------+
               | Src:Rise| Src:Fall| Src:Rise| Src:Fall|
Source Clock   |Dest:Rise|Dest:Rise|Dest:Fall|Dest:Fall|
---------------+---------+---------+---------+---------+
ESP7_K5_13_P115|    1.183|         |         |         |
IR3_K6_7_P104  |    1.183|         |         |         |
SW1_P62        |    1.183|         |         |         |
---------------+---------+---------+---------+---------+

Clock to Setup on destination clock IR4_K6_5_P105
---------------+---------+---------+---------+---------+
               | Src:Rise| Src:Fall| Src:Rise| Src:Fall|
Source Clock   |Dest:Rise|Dest:Rise|Dest:Fall|Dest:Fall|
---------------+---------+---------+---------+---------+
ESP7_K5_13_P115|    1.491|         |         |         |
IR4_K6_5_P105  |    1.491|         |         |         |
SW1_P62        |    1.491|         |         |         |
---------------+---------+---------+---------+---------+

Clock to Setup on destination clock LDR_SS_K6_15_P99
----------------+---------+---------+---------+---------+
                | Src:Rise| Src:Fall| Src:Rise| Src:Fall|
Source Clock    |Dest:Rise|Dest:Rise|Dest:Fall|Dest:Fall|
----------------+---------+---------+---------+---------+
LDR_SS_K6_15_P99|    1.624|    0.034|         |         |
----------------+---------+---------+---------+---------+

Clock to Setup on destination clock SW1_P62
---------------+---------+---------+---------+---------+
               | Src:Rise| Src:Fall| Src:Rise| Src:Fall|
Source Clock   |Dest:Rise|Dest:Rise|Dest:Fall|Dest:Fall|
---------------+---------+---------+---------+---------+
ESP7_K5_13_P115|    1.491|         |         |         |
IR3_K6_7_P104  |    1.183|         |         |         |
IR4_K6_5_P105  |    1.491|         |         |         |
SW1_P62        |    1.491|         |         |         |
---------------+---------+---------+---------+---------+

Clock to Setup on destination clock SW2_P61
---------------+---------+---------+---------+---------+
               | Src:Rise| Src:Fall| Src:Rise| Src:Fall|
Source Clock   |Dest:Rise|Dest:Rise|Dest:Fall|Dest:Fall|
---------------+---------+---------+---------+---------+
ESP6_K5_11_P116|    1.240|         |         |         |
IR1_K6_3_P111  |    1.240|         |         |         |
IR2_K6_1_P112  |    1.153|         |         |         |
SW2_P61        |    1.240|         |         |         |
---------------+---------+---------+---------+---------+

Pad to Pad
---------------+-----------------------+---------+
Source Pad     |Destination Pad        |  Delay  |
---------------+-----------------------+---------+
ESP1_K5_1_P121 |LED_Kitchen_K1_3_P21   |    8.664|
ESP2_K5_3_P120 |LED_Room1_K1_5_P16     |    8.453|
ESP3_K5_5_P119 |LED_Room2_K1_7_P14     |    9.053|
ESP4_K5_7_P118 |LED_LivingRoom_K1_9_P11|    7.740|
ESP5_K5_9_P117 |LED_Garage_K1_11_P9_A  |    7.704|
ESP6_K5_11_P116|BD1_1_K3_3_P142        |    9.044|
ESP6_K5_11_P116|BD1_2_K3_5_P140        |    9.019|
ESP6_K5_11_P116|BD1_3__K3_7_P138       |    9.361|
ESP6_K5_11_P116|BD1_4_K3_9_P134        |    9.327|
ESP7_K5_13_P115|BD2_1_K4_3_P143        |    9.283|
ESP7_K5_13_P115|BD2_2_K4_5_P141        |    8.960|
ESP7_K5_13_P115|BD2_3_K4_7_P139        |    9.191|
ESP7_K5_13_P115|BD2_4_K4_9_P137        |    9.003|
ESP8_K5_15_P114|BUZZER_P83             |    9.438|
ESP8_K5_15_P114|LED_Alarm_GR_P67       |   10.972|
ESP8_K5_15_P114|LED_Alarm_Status_P82   |    8.056|
IR5_K6_9_P102  |BUZZER_P83             |    8.284|
IR5_K6_9_P102  |LED_Alarm_GR_P67       |    9.818|
SW0_P66        |BUZZER_P83             |    9.710|
SW0_P66        |LED_Alarm_GR_P67       |   11.244|
SW0_P66        |LED_Alarm_Status_P82   |    8.328|
SW0_P66        |LED_Room2_K1_7_P14     |    9.301|
SW1_P62        |BD2_1_K4_3_P143        |   12.178|
SW1_P62        |BD2_2_K4_5_P141        |   11.855|
SW1_P62        |BD2_3_K4_7_P139        |   12.086|
SW1_P62        |BD2_4_K4_9_P137        |   11.898|
SW1_P62        |LED_Room1_K1_5_P16     |    9.256|
SW2_P61        |BD1_1_K3_3_P142        |   12.231|
SW2_P61        |BD1_2_K3_5_P140        |   12.206|
SW2_P61        |BD1_3__K3_7_P138       |   12.548|
SW2_P61        |BD1_4_K3_9_P134        |   12.514|
SW2_P61        |LED_Kitchen_K1_3_P21   |    9.238|
SW3_P59        |LED_Garage_K1_11_P9_A  |   10.102|
SW4_P58        |LED_LivingRoom_K1_9_P11|    9.852|
---------------+-----------------------+---------+


Analysis completed Fri Dec 17 17:40:52 2021 
--------------------------------------------------------------------------------

Trace Settings:
-------------------------
Trace Settings 

Peak Memory Usage: 4588 MB



