#-----------------------------------------------------------
# PlanAhead v14.7
# Build 321239 by xbuild on Fri Sep 27 19:31:35 MDT 2013
# Start of session at: Sun Nov 21 01:14:24 2021
# Process ID: 18360
# Log file: C:/Users/beaut/Desktop/flie/LAB8/planAhead_run_2/planAhead.log
# Journal file: C:/Users/beaut/Desktop/flie/LAB8/planAhead_run_2/planAhead.jou
#-----------------------------------------------------------
INFO: [Common 17-78] Attempting to get a license: PlanAhead
INFO: [Common 17-290] Got license for PlanAhead
INFO: [Device 21-36] Loading parts and site information from C:/Xilinx/14.7/ISE_DS/PlanAhead/data/parts/arch.xml
Parsing RTL primitives file [C:/Xilinx/14.7/ISE_DS/PlanAhead/data/parts/xilinx/rtl/prims/rtl_prims.xml]
Finished parsing RTL primitives file [C:/Xilinx/14.7/ISE_DS/PlanAhead/data/parts/xilinx/rtl/prims/rtl_prims.xml]
start_gui
source C:/Users/beaut/Desktop/flie/LAB8/pa.fromHdl.tcl
# create_project -name LAB8 -dir "C:/Users/beaut/Desktop/flie/LAB8/planAhead_run_2" -part xc6slx9tqg144-3
# set_param project.pinAheadLayout yes
# set srcset [get_property srcset [current_run -impl]]
# set_property target_constrs_file "Main.ucf" [current_fileset -constrset]
Adding file 'C:/Users/beaut/Desktop/flie/LAB8/Main.ucf' to fileset 'constrs_1'
# set hdlfile [add_files [list {DIV10.vf}]]
# set_property file_type Verilog $hdlfile
# set_property library work $hdlfile
# set hdlfile [add_files [list {MUX8_TO_1.vf}]]
# set_property file_type Verilog $hdlfile
# set_property library work $hdlfile
# set hdlfile [add_files [list {DIV100K.vf}]]
# set_property file_type Verilog $hdlfile
# set_property library work $hdlfile
# set hdlfile [add_files [list {BCD_TO_7SEG.vf}]]
# set_property file_type Verilog $hdlfile
# set_property library work $hdlfile
# set hdlfile [add_files [list {Add.vf}]]
# set_property file_type Verilog $hdlfile
# set_property library work $hdlfile
# set hdlfile [add_files [list {Main.vf}]]
# set_property file_type Verilog $hdlfile
# set_property library work $hdlfile
# set_property top Main $srcset
# add_files [list {Main.ucf}] -fileset [get_property constrset [current_run]]
# open_rtl_design -part xc6slx9tqg144-3
Using Verific elaboration
Parsing VHDL file "C:/Xilinx/14.7/ISE_DS/PlanAhead/data/parts/xilinx/rtl/lib/synplify/synattr.vhd" into library synplify
Analyzing Verilog file "C:/Users/beaut/Desktop/flie/LAB8/Main.vf" into library work
Loading clock regions from C:/Xilinx/14.7/ISE_DS/PlanAhead/data\parts/xilinx/spartan6/spartan6lx/xc6slx9/ClockRegion.xml
Loading clock buffers from C:/Xilinx/14.7/ISE_DS/PlanAhead/data\parts/xilinx/spartan6/spartan6lx/xc6slx9/ClockBuffers.xml
Loading package pin functions from C:/Xilinx/14.7/ISE_DS/PlanAhead/data\parts/xilinx/spartan6/PinFunctions.xml...
Loading package from C:/Xilinx/14.7/ISE_DS/PlanAhead/data\parts/xilinx/spartan6/spartan6lx/xc6slx9/tqg144/Package.xml
Loading io standards from C:/Xilinx/14.7/ISE_DS/PlanAhead/data\./parts/xilinx/spartan6/IOStandards.xml
Loading device configuration modes from C:/Xilinx/14.7/ISE_DS/PlanAhead/data\parts/xilinx/spartan6/ConfigModes.xml
Loading list of drcs for the architecture : C:/Xilinx/14.7/ISE_DS/PlanAhead/data\./parts/xilinx/spartan6/drc.xml
Parsing UCF File [C:/Users/beaut/Desktop/flie/LAB8/Main.ucf]
Finished Parsing UCF File [C:/Users/beaut/Desktop/flie/LAB8/Main.ucf]
INFO: [Project 1-111] Unisim Transformation Summary:
No Unisim elements were transformed.

Phase 0 | Netlist Checksum: 818e2137
open_rtl_design: Time (s): elapsed = 00:00:07 . Memory (MB): peak = 597.410 ; gain = 121.090
update_compile_order -fileset sim_1
startgroup
set_property package_pin P44 [get_ports COM0]
endgroup
startgroup
set_property package_pin P43 [get_ports COM1]
endgroup
startgroup
set_property package_pin P33 [get_ports COM2]
endgroup
startgroup
set_property package_pin P30 [get_ports COM3]
endgroup
startgroup
set_property package_pin P123 [get_ports OSC]
endgroup
startgroup
set_property package_pin P44 [get_ports COM0]
endgroup
save_constraints
startgroup
set_property package_pin P123 [get_ports OSC]
endgroup
startgroup
set_property package_pin P112 [get_ports {B[0]}]
endgroup
set_property package_pin "" [get_ports [list  {B[7]}]]
set_property package_pin "" [get_ports [list  {B[6]}]]
set_property package_pin "" [get_ports [list  {B[5]}]]
set_property package_pin "" [get_ports [list  {B[4]}]]
set_property package_pin "" [get_ports [list  {B[3]}]]
set_property package_pin "" [get_ports [list  {B[2]}]]
set_property package_pin "" [get_ports [list  {B[1]}]]
startgroup
set_property package_pin P99 [get_ports {B[0]}]
endgroup
startgroup
set_property package_pin P100 [get_ports {B[1]}]
endgroup
startgroup
set_property package_pin P101 [get_ports {B[2]}]
endgroup
startgroup
set_property package_pin P102 [get_ports {B[3]}]
endgroup
startgroup
set_property package_pin P104 [get_ports {B[4]}]
endgroup
startgroup
set_property package_pin P105 [get_ports {B[5]}]
endgroup
startgroup
set_property package_pin P111 [get_ports {B[6]}]
endgroup
startgroup
set_property package_pin P112 [get_ports {B[7]}]
endgroup
save_constraints
exit
ERROR: [PlanAhead 12-106] *** Exception: ui.h.b: Found deleted key in HTclEventBroker. Verify if the classes listed here call cleanup()
HTclEvent: SIGNAL_MODIFY   Classes: ui.views.aR 
HTclEvent: SIGNAL_BUS_MODIFY   Classes: ui.views.aR 
HTclEvent: DEBUG_PORT_CONFIG_CHANGE   Classes: ui.views.aR 
HTclEvent: DEBUG_CORE_CONFIG_CHANGE   Classes: ui.views.aR 
 (See C:/Users/beaut/Desktop/flie/LAB8\planAhead_pid18360.debug)
ERROR: [Common 17-39] 'stop_gui' failed due to earlier errors.
INFO: [Common 17-206] Exiting PlanAhead at Sun Nov 21 01:55:56 2021...
INFO: [Common 17-83] Releasing license: PlanAhead
